Введите количество клиентов: Введите время, на которое клиент бронирует номер (в секундах): Клиент №1 забронировал номер. Осталось свободных номеров: 29 
Клиент №0 забронировал номер. Осталось свободных номеров: 28 
Клиент №2 забронировал номер. Осталось свободных номеров: 27 
Клиент №4 забронировал номер. Осталось свободных номеров: 26 
Клиент №5 забронировал номер. Осталось свободных номеров: 25 
Клиент №6 забронировал номер. Осталось свободных номеров: 24 
Клиент №3 забронировал номер. Осталось свободных номеров: 23 
Клиент №7 забронировал номер. Осталось свободных номеров: 22 
Клиент №8 забронировал номер. Осталось свободных номеров: 21 
Клиент №9 забронировал номер. Осталось свободных номеров: 20 
Клиент №10 забронировал номер. Осталось свободных номеров: 19 
Клиент №11 забронировал номер. Осталось свободных номеров: 18 
Клиент №12 забронировал номер. Осталось свободных номеров: 17 
Клиент №13 забронировал номер. Осталось свободных номеров: 16 
Клиент №14 забронировал номер. Осталось свободных номеров: 15 
Клиент №15 забронировал номер. Осталось свободных номеров: 14 
Клиент №16 забронировал номер. Осталось свободных номеров: 13 
Клиент №17 забронировал номер. Осталось свободных номеров: 12 
Клиент №22 забронировал номер. Осталось свободных номеров: 11 
Клиент №18 забронировал номер. Осталось свободных номеров: 10 
Клиент №19 забронировал номер. Осталось свободных номеров: 9 
Клиент №20 забронировал номер. Осталось свободных номеров: 8 
Клиент №21 забронировал номер. Осталось свободных номеров: 7 
Клиент №23 забронировал номер. Осталось свободных номеров: 6 
Клиент №24 забронировал номер. Осталось свободных номеров: 5 
Клиент №26 забронировал номер. Осталось свободных номеров: 4 
Клиент №25 забронировал номер. Осталось свободных номеров: 3 
Клиент №27 забронировал номер. Осталось свободных номеров: 2 
Клиент №28 забронировал номер. Осталось свободных номеров: 1 
Клиент №29 забронировал номер. Осталось свободных номеров: 0 
Нет свободных номеров, клиент №30 устроился на скамейке
Нет свободных номеров, клиент №31 устроился на скамейке
Нет свободных номеров, клиент №32 устроился на скамейке
Нет свободных номеров, клиент №33 устроился на скамейке
Нет свободных номеров, клиент №34 устроился на скамейке
Нет свободных номеров, клиент №35 устроился на скамейке
Нет свободных номеров, клиент №36 устроился на скамейке
Нет свободных номеров, клиент №38 устроился на скамейке
Нет свободных номеров, клиент №37 устроился на скамейке
Нет свободных номеров, клиент №39 устроился на скамейке
Нет свободных номеров, клиент №40 устроился на скамейке
Нет свободных номеров, клиент №41 устроился на скамейке
Нет свободных номеров, клиент №42 устроился на скамейке
Нет свободных номеров, клиент №43 устроился на скамейке
Нет свободных номеров, клиент №44 устроился на скамейке
Нет свободных номеров, клиент №45 устроился на скамейке
Нет свободных номеров, клиент №46 устроился на скамейке
Нет свободных номеров, клиент №47 устроился на скамейке
Нет свободных номеров, клиент №48 устроился на скамейке
Нет свободных номеров, клиент №49 устроился на скамейке
Клиент №27 освободил номер. Осталось свободных номеров: 1 
Клиент №19 освободил номер. Осталось свободных номеров: 2 
Клиент №6 освободил номер. Осталось свободных номеров: 3 
Клиент №1 освободил номер. Осталось свободных номеров: 4 
Клиент №21 освободил номер. Осталось свободных номеров: 5 
Клиент №4 освободил номер. Осталось свободных номеров: 6 
Клиент встал со скамейки
Клиент №30 забронировал номер. Осталось свободных номеров: 5 
Клиент встал со скамейки
Клиент №31 забронировал номер. Осталось свободных номеров: 4 
Клиент №23 освободил номер. Осталось свободных номеров: 5 
Клиент №20 освободил номер. Осталось свободных номеров: 6 
Клиент №25 освободил номер. Осталось свободных номеров: 7 
Клиент №15 освободил номер. Осталось свободных номеров: 8 
Клиент №22 освободил номер. Осталось свободных номеров: 9 
Клиент №24 освободил номер. Осталось свободных номеров: 10 
Клиент №17 освободил номер. Осталось свободных номеров: 11 
Клиент №14 освободил номер. Осталось свободных номеров: 12 
Клиент №18 освободил номер. Осталось свободных номеров: 13 
Клиент №16 освободил номер. Осталось свободных номеров: 14 
Клиент №11 освободил номер. Осталось свободных номеров: 15 
Клиент №13 освободил номер. Осталось свободных номеров: 16 
Клиент №10 освободил номер. Осталось свободных номеров: 17 
Клиент №9 освободил номер. Осталось свободных номеров: 18 
Клиент №8 освободил номер. Осталось свободных номеров: 19 
Клиент №12 освободил номер. Осталось свободных номеров: 20 
Клиент №7 освободил номер. Осталось свободных номеров: 21 
Клиент №3 освободил номер. Осталось свободных номеров: 22 
Клиент встал со скамейки
Клиент №36 забронировал номер. Осталось свободных номеров: 21 
Клиент №0 освободил номер. Осталось свободных номеров: 22 
Клиент встал со скамейки
Клиент №47 забронировал номер. Осталось свободных номеров: 21 
Клиент №26 освободил номер. Осталось свободных номеров: 22 
Клиент №2 освободил номер. Осталось свободных номеров: 23 
Клиент №29 освободил номер. Осталось свободных номеров: 24 
Клиент №5 освободил номер. Осталось свободных номеров: 25 
Клиент №28 освободил номер. Осталось свободных номеров: 26 
Клиент встал со скамейки
Клиент №34 забронировал номер. Осталось свободных номеров: 25 
Клиент встал со скамейки
Клиент №32 забронировал номер. Осталось свободных номеров: 24 
Клиент встал со скамейки
Клиент №37 забронировал номер. Осталось свободных номеров: 23 
Клиент встал со скамейки
Клиент №35 забронировал номер. Осталось свободных номеров: 22 
Клиент №47 освободил номер. Осталось свободных номеров: 23 
Клиент №30 освободил номер. Осталось свободных номеров: 24 
Клиент встал со скамейки
Клиент №40 забронировал номер. Осталось свободных номеров: 23 
Клиент встал со скамейки
Клиент №49 забронировал номер. Осталось свободных номеров: 22 
Клиент встал со скамейки
Клиент №41 забронировал номер. Осталось свободных номеров: 21 
Клиент встал со скамейки
Клиент №46 забронировал номер. Осталось свободных номеров: 20 
Клиент встал со скамейки
Клиент №33 забронировал номер. Осталось свободных номеров: 19 
Клиент встал со скамейки
Клиент №48 забронировал номер. Осталось свободных номеров: 18 
Клиент встал со скамейки
Клиент №38 забронировал номер. Осталось свободных номеров: 17 
Клиент встал со скамейки
Клиент №43 забронировал номер. Осталось свободных номеров: 16 
Клиент №31 освободил номер. Осталось свободных номеров: 17 
Клиент встал со скамейки
Клиент №42 забронировал номер. Осталось свободных номеров: 16 
Клиент встал со скамейки
Клиент №39 забронировал номер. Осталось свободных номеров: 15 
Клиент №36 освободил номер. Осталось свободных номеров: 16 
Клиент встал со скамейки
Клиент №45 забронировал номер. Осталось свободных номеров: 15 
Клиент встал со скамейки
Клиент №44 забронировал номер. Осталось свободных номеров: 14 
Клиент №43 освободил номер. Осталось свободных номеров: 15 
Клиент №48 освободил номер. Осталось свободных номеров: 16 
Клиент №38 освободил номер. Осталось свободных номеров: 17 
Клиент №39 освободил номер. Осталось свободных номеров: 18 
Клиент №46 освободил номер. Осталось свободных номеров: 19 
Клиент №44 освободил номер. Осталось свободных номеров: 20 
Клиент №49 освободил номер. Осталось свободных номеров: 21 
Клиент №42 освободил номер. Осталось свободных номеров: 22 
Клиент №41 освободил номер. Осталось свободных номеров: 23 
Клиент №33 освободил номер. Осталось свободных номеров: 24 
Клиент №37 освободил номер. Осталось свободных номеров: 25 
Клиент №40 освободил номер. Осталось свободных номеров: 26 
Клиент №45 освободил номер. Осталось свободных номеров: 27 
Клиент №32 освободил номер. Осталось свободных номеров: 28 
Клиент №35 освободил номер. Осталось свободных номеров: 29 
Клиент №34 освободил номер. Осталось свободных номеров: 30 
Все клиенты переночевали в отеле 
