Введите количество клиентов: Введите время, на которое клиент бронирует номер (в секундах): Клиент №0 забронировал номер. Осталось свободных номеров: 29 
Клиент №1 забронировал номер. Осталось свободных номеров: 28 
Клиент №2 забронировал номер. Осталось свободных номеров: 27 
Клиент №3 забронировал номер. Осталось свободных номеров: 26 
Клиент №4 забронировал номер. Осталось свободных номеров: 25 
Клиент №5 забронировал номер. Осталось свободных номеров: 24 
Клиент №6 забронировал номер. Осталось свободных номеров: 23 
Клиент №9 забронировал номер. Осталось свободных номеров: 22 
Клиент №8 забронировал номер. Осталось свободных номеров: 21 
Клиент №7 забронировал номер. Осталось свободных номеров: 20 
Клиент №10 забронировал номер. Осталось свободных номеров: 19 
Клиент №11 забронировал номер. Осталось свободных номеров: 18 
Клиент №12 забронировал номер. Осталось свободных номеров: 17 
Клиент №13 забронировал номер. Осталось свободных номеров: 16 
Клиент №14 забронировал номер. Осталось свободных номеров: 15 
Клиент №15 забронировал номер. Осталось свободных номеров: 14 
Клиент №16 забронировал номер. Осталось свободных номеров: 13 
Клиент №22 забронировал номер. Осталось свободных номеров: 12 
Клиент №18 забронировал номер. Осталось свободных номеров: 11 
Клиент №19 забронировал номер. Осталось свободных номеров: 10 
Клиент №20 забронировал номер. Осталось свободных номеров: 9 
Клиент №25 забронировал номер. Осталось свободных номеров: 8 
Клиент №17 забронировал номер. Осталось свободных номеров: 7 
Клиент №23 забронировал номер. Осталось свободных номеров: 6 
Клиент №24 забронировал номер. Осталось свободных номеров: 5 
Клиент №21 забронировал номер. Осталось свободных номеров: 4 
Клиент №26 забронировал номер. Осталось свободных номеров: 3 
Клиент №27 забронировал номер. Осталось свободных номеров: 2 
Клиент №28 забронировал номер. Осталось свободных номеров: 1 
Клиент №29 забронировал номер. Осталось свободных номеров: 0 
Нет свободных номеров, клиент №30 устроился на скамейке
Клиент №29 освободил номер. Осталось свободных номеров: 1 
Клиент встал со скамейки
Клиент №30 забронировал номер. Осталось свободных номеров: 0 
Клиент №27 освободил номер. Осталось свободных номеров: 1 
Клиент №22 освободил номер. Осталось свободных номеров: 2 
Клиент №15 освободил номер. Осталось свободных номеров: 3 
Клиент №26 освободил номер. Осталось свободных номеров: 4 
Клиент №25 освободил номер. Осталось свободных номеров: 5 
Клиент №16 освободил номер. Осталось свободных номеров: 6 
Клиент №20 освободил номер. Осталось свободных номеров: 7 
Клиент №10 освободил номер. Осталось свободных номеров: 8 
Клиент №19 освободил номер. Осталось свободных номеров: 9 
Клиент №9 освободил номер. Осталось свободных номеров: 10 
Клиент №21 освободил номер. Осталось свободных номеров: 11 
Клиент №14 освободил номер. Осталось свободных номеров: 12 
Клиент №13 освободил номер. Осталось свободных номеров: 13 
Клиент №7 освободил номер. Осталось свободных номеров: 14 
Клиент №28 освободил номер. Осталось свободных номеров: 15 
Клиент №8 освободил номер. Осталось свободных номеров: 16 
Клиент №4 освободил номер. Осталось свободных номеров: 17 
Клиент №2 освободил номер. Осталось свободных номеров: 18 
Клиент №3 освободил номер. Осталось свободных номеров: 19 
Клиент №1 освободил номер. Осталось свободных номеров: 20 
Клиент №24 освободил номер. Осталось свободных номеров: 21 
Клиент №23 освободил номер. Осталось свободных номеров: 22 
Клиент №17 освободил номер. Осталось свободных номеров: 23 
Клиент №12 освободил номер. Осталось свободных номеров: 24 
Клиент №18 освободил номер. Осталось свободных номеров: 25 
Клиент №11 освободил номер. Осталось свободных номеров: 26 
Клиент №6 освободил номер. Осталось свободных номеров: 27 
Клиент №5 освободил номер. Осталось свободных номеров: 28 
Клиент №0 освободил номер. Осталось свободных номеров: 29 
Клиент №30 освободил номер. Осталось свободных номеров: 30 
Все клиенты переночевали в отеле 
